Performing C SOURCE FILE Test CMAKE_HAVE_LIBC_PTHREAD failed with the following output:
Change Dir: /home/yrc/文档/Project/ubuntuC-Project/nanodet_ncnn/build/CMakeFiles/CMakeTmp

Run Build Command(s):/usr/bin/ninja cmTC_42f0f && [1/2] Building C object CMakeFiles/cmTC_42f0f.dir/src.c.o
[2/2] Linking C executable cmTC_42f0f
FAILED: cmTC_42f0f 
: && /bin/x86_64-linux-gnu-gcc-9  -rdynamic CMakeFiles/cmTC_42f0f.dir/src.c.o -o cmTC_42f0f   && :
/usr/bin/ld: CMakeFiles/cmTC_42f0f.dir/src.c.o: in function `main':
src.c:(.text+0x46): undefined reference to `pthread_create'
/usr/bin/ld: src.c:(.text+0x52): undefined reference to `pthread_detach'
/usr/bin/ld: src.c:(.text+0x5e): undefined reference to `pthread_cancel'
/usr/bin/ld: src.c:(.text+0x6f): undefined reference to `pthread_join'
collect2: error: ld returned 1 exit status
ninja: build stopped: subcommand failed.


Source file was:
#include <pthread.h>

static void* test_func(void* data)
{
  return data;
}

int main(void)
{
  pthread_t thread;
  pthread_create(&thread, NULL, test_func, NULL);
  pthread_detach(thread);
  pthread_cancel(thread);
  pthread_join(thread, NULL);
  pthread_atfork(NULL, NULL, NULL);
  pthread_exit(NULL);

  return 0;
}

